Build started 10/20/2014 11:39:41 AM.
     1>Project "C:\Users\Udit Pandoh\Documents\Visual Studio 2010\Projects\alpaha project\alpaha project\alpaha project.vcxproj" on node 2 (build target(s)).
     1>InitializeBuildStatus:
         Creating "Debug\alpaha project.unsuccessfulbuild" because "AlwaysCreate" was specified.
       ClCompile:
         All outputs are up-to-date.
         C:\Program Files (x86)\Microsoft Visual Studio 10.0\VC\bin\CL.exe /c /ZI /nologo /W3 /WX- /Od /Oy- /D WIN32 /D _DEBUG /D _CONSOLE /D _UNICODE /D UNICODE /Gm /EHsc /RTC1 /MDd /GS /fp:precise /Zc:wchar_t /Zc:forScope /Yu"StdAfx.h" /Fp"Debug\alpaha project.pch" /Fo"Debug\\" /Fd"Debug\vc100.pdb" /Gd /TP /analyze- /errorReport:prompt "alpaha project.cpp"
         alpaha project.cpp
       ManifestResourceCompile:
         All outputs are up-to-date.
       Link:
         C:\Program Files (x86)\Microsoft Visual Studio 10.0\VC\bin\link.exe /ERRORREPORT:PROMPT /OUT:"C:\Users\Udit Pandoh\Documents\Visual Studio 2010\Projects\alpaha project\Debug\alpaha project.exe" /INCREMENTAL /NOLOGO kernel32.lib user32.lib gdi32.lib winspool.lib comdlg32.lib advapi32.lib shell32.lib ole32.lib oleaut32.lib uuid.lib odbc32.lib odbccp32.lib /MANIFEST /ManifestFile:"Debug\alpaha project.exe.intermediate.manifest" /MANIFESTUAC:"level='asInvoker' uiAccess='false'" /DEBUG /PDB:"C:\Users\Udit Pandoh\Documents\Visual Studio 2010\Projects\alpaha project\Debug\alpaha project.pdb" /SUBSYSTEM:CONSOLE /TLBID:1 /DYNAMICBASE /NXCOMPAT /IMPLIB:"C:\Users\Udit Pandoh\Documents\Visual Studio 2010\Projects\alpaha project\Debug\alpaha project.lib" /MACHINE:X86 "Debug\alpaha project.exe.embed.manifest.res"
         "Debug\alpaha project.obj"
         Debug\stdafx.obj
       Manifest:
         C:\Program Files (x86)\Microsoft SDKs\Windows\v7.0A\bin\mt.exe /nologo /verbose /out:"Debug\alpaha project.exe.embed.manifest" /manifest "Debug\alpaha project.exe.intermediate.manifest"
         All outputs are up-to-date.
       LinkEmbedManifest:
         All outputs are up-to-date.
         alpaha project.vcxproj -> C:\Users\Udit Pandoh\Documents\Visual Studio 2010\Projects\alpaha project\Debug\alpaha project.exe
       FinalizeBuildStatus:
         Deleting file "Debug\alpaha project.unsuccessfulbuild".
         Touching "Debug\alpaha project.lastbuildstate".
     1>Done Building Project "C:\Users\Udit Pandoh\Documents\Visual Studio 2010\Projects\alpaha project\alpaha project\alpaha project.vcxproj" (build target(s)).

Build succeeded.

Time Elapsed 00:00:02.61
